<?xml version="1.0" encoding="UTF-8"?>
<testng-results ignored="0" total="1" passed="1" failed="0" skipped="0">
  <reporter-output>
  </reporter-output>
  <suite started-at="2021-11-29T13:59:10 IST" name="Default suite" finished-at="2021-11-29T14:00:45 IST" duration-ms="95180">
    <groups>
    </groups>
    <test started-at="2021-11-29T13:59:10 IST" name="Default test" finished-at="2021-11-29T14:00:45 IST" duration-ms="95180">
      <class name="com.practice.Tree_Set_">
        <test-method signature="tree()[pri:0, instance:com.practice.Tree_Set_@20ccf40b]" started-at="2021-11-29T13:59:10 IST" name="tree" finished-at="2021-11-29T14:00:45 IST" duration-ms="95124" status="PASS">
          <reporter-output>
          </reporter-output>
        </test-method> <!-- tree -->
      </class> <!-- com.practice.Tree_Set_ -->
    </test> <!-- Default test -->
  </suite> <!-- Default suite -->
</testng-results>
